<?xml version="1.0" encoding="UTF-8"?>
<testsuite xmlns:xsi="http://www.w3.org/2001/XMLSchema-instance" xsi:noNamespaceSchemaLocation="https://maven.apache.org/surefire/maven-surefire-plugin/xsd/surefire-test-report-3.0.xsd" version="3.0" name="com.onesoft.SampleAws.SampleAwsApplicationTests" time="4.878" tests="1" errors="0" skipped="0" failures="0">
  <properties>
[...]
</properties>
  <testcase name="contextLoads" classname="com.onesoft.SampleAws.SampleAwsApplicationTests" time="1.721">
    <system-out><![CDATA[12:54:37.762 [main] INFO org.springframework.test.context.support.AnnotationConfigContextLoaderUtils -- Could not detect default configuration classes for test class [com.onesoft.SampleAws.SampleAwsApplicationTests]: SampleAwsApplicationTests does not declare any static, non-private, non-final, nested classes annotated with @Configuration.
12:54:37.963 [main] INFO org.springframework.boot.test.context.SpringBootTestContextBootstrapper -- Found @SpringBootConfiguration com.onesoft.SampleAws.SampleAwsApplication for test class com.onesoft.SampleAws.SampleAwsApplicationTests
12:54:38.274 [main] INFO org.springframework.boot.devtools.restart.RestartApplicationListener -- Restart disabled due to context in which it is running

  .   ____          _            __ _ _
 /\\ / ___'_ __ _ _(_)_ __  __ _ \ \ \ \
( ( )\___ | '_ | '_| | '_ \/ _` | \ \ \ \
 \\/  ___)| |_)| | | | | || (_| |  ) ) ) )
  '  |____| .__|_| |_|_| |_\__, | / / / /
 =========|_|==============|___/=/_/_/_/
 :: Spring Boot ::                (v3.2.4)

2024-04-12T12:54:38.750+05:30  INFO 12420 --- [SampleAws] [           main] c.o.SampleAws.SampleAwsApplicationTests  : Starting SampleAwsApplicationTests using Java 17.0.7 with PID 12420 (started by USER in C:\Users\USER\Documents\workspace-spring-tool-suite-4-4.19.0.RELEASE\SampleAws)
2024-04-12T12:54:38.753+05:30  INFO 12420 --- [SampleAws] [           main] c.o.SampleAws.SampleAwsApplicationTests  : No active profile set, falling back to 1 default profile: "default"
2024-04-12T12:54:40.602+05:30  INFO 12420 --- [SampleAws] [           main] c.o.SampleAws.SampleAwsApplicationTests  : Started SampleAwsApplicationTests in 2.353 seconds (process running for 4.026)
]]></system-out>
  </testcase>
</testsuite>